src/repositories/AdCampaignRepository.ts(674,44): error TS2339: Property 'contactEmail' does not exist on type 'Advertiser'.
src/seeders/seeders/third-party-article-seeder.ts(6,42): error TS2307: Cannot find module '../data/development/featuredNewss' or its corresponding type declarations.
src/services/ArticleService.ts(318,5): error TS2322: Type '[number, Article[]]' is not assignable to type 'Article'.
src/utils/helpers.ts(195,7): error TS2322: Type 'number' is not assignable to type 'T[keyof T]'.
  'T[keyof T]' could be instantiated with an arbitrary type which could be unrelated to 'number'.
src/utils/helpers.ts(196,7): error TS2322: Type 'number' is not assignable to type 'T[keyof T]'.
  'T[keyof T]' could be instantiated with an arbitrary type which could be unrelated to 'number'.
src/utils/helpers.ts(201,7): error TS2322: Type 'string' is not assignable to type 'T[keyof T]'.
  'T[keyof T]' could be instantiated with an arbitrary type which could be unrelated to 'string'.
src/utils/helpers.ts(202,7): error TS2322: Type 'string' is not assignable to type 'T[keyof T]'.
  'T[keyof T]' could be instantiated with an arbitrary type which could be unrelated to 'string'.
src/utils/helpers.ts(403,9): error TS2322: Type 'unknown' is not assignable to type 'Error'.
src/utils/helpers.ts(414,16): error TS2454: Variable 'lastError' is used before being assigned.
src/utils/helpers.ts(417,11): error TS2454: Variable 'lastError' is used before being assigned.
src/utils/metrics.ts(7,3): error TS2353: Object literal may only specify known properties, and 'timeout' does not exist in type 'DefaultMetricsCollectorConfiguration'.
src/utils/metrics.ts(183,19): error TS18046: 'error' is of type 'unknown'.
src/utils/security.ts(72,3): error TS2322: Type 'Promise<unknown>' is not assignable to type 'string'.
src/utils/security.ts(81,25): error TS2769: No overload matches this call.
  Overload 1 of 5, '(payload: string | object | Buffer<ArrayBufferLike>, secretOrPrivateKey: null, options?: (SignOptions & { algorithm: "none"; }) | undefined): string', gave the following error.
    Argument of type 'Secret' is not assignable to parameter of type 'null'.
      Type 'string' is not assignable to type 'null'.
  Overload 2 of 5, '(payload: string | object | Buffer<ArrayBufferLike>, secretOrPrivateKey: Buffer<ArrayBufferLike> | Secret | JsonWebKeyInput | PrivateKeyInput, options?: SignOptions | undefined): string', gave the following error.
    Type 'string' is not assignable to type 'number | StringValue | undefined'.
  Overload 3 of 5, '(payload: string | object | Buffer<ArrayBufferLike>, secretOrPrivateKey: Buffer<ArrayBufferLike> | Secret | JsonWebKeyInput | PrivateKeyInput, callback: SignCallback): void', gave the following error.
    Object literal may only specify known properties, and 'expiresIn' does not exist in type 'SignCallback'.
src/utils/security.ts(111,3): error TS2322: Type 'Promise<unknown>' is not assignable to type 'string'.
src/utils/security.ts(119,25): error TS2769: No overload matches this call.
  Overload 1 of 5, '(payload: string | object | Buffer<ArrayBufferLike>, secretOrPrivateKey: null, options?: (SignOptions & { algorithm: "none"; }) | undefined): string', gave the following error.
    Argument of type 'Secret' is not assignable to parameter of type 'null'.
      Type 'string' is not assignable to type 'null'.
  Overload 2 of 5, '(payload: string | object | Buffer<ArrayBufferLike>, secretOrPrivateKey: Buffer<ArrayBufferLike> | Secret | JsonWebKeyInput | PrivateKeyInput, options?: SignOptions | undefined): string', gave the following error.
    Type 'string' is not assignable to type 'number | StringValue | undefined'.
  Overload 3 of 5, '(payload: string | object | Buffer<ArrayBufferLike>, secretOrPrivateKey: Buffer<ArrayBufferLike> | Secret | JsonWebKeyInput | PrivateKeyInput, callback: SignCallback): void', gave the following error.
    Object literal may only specify known properties, and 'expiresIn' does not exist in type 'SignCallback'.
src/utils/security.ts(148,57): error TS2345: Argument of type '(span: Span) => string | JwtPayload' is not assignable to parameter of type '(span: Span) => Promise<unknown>'.
  Type 'string | JwtPayload' is not assignable to type 'Promise<unknown>'.
    Type 'string' is not assignable to type 'Promise<unknown>'.
src/utils/security.ts(178,64): error TS2345: Argument of type '(span: Span) => string | JwtPayload' is not assignable to parameter of type '(span: Span) => Promise<unknown>'.
  Type 'string | JwtPayload' is not assignable to type 'Promise<unknown>'.
    Type 'string' is not assignable to type 'Promise<unknown>'.
src/utils/security.ts(208,3): error TS2739: Type 'Promise<unknown>' is missing the following properties from type '{ token: string; expires: Date; }': token, expires
src/utils/security.ts(208,71): error TS2345: Argument of type '(span: Span) => { token: string; expires: Date; }' is not assignable to parameter of type '(span: Span) => Promise<unknown>'.
  Type '{ token: string; expires: Date; }' is missing the following properties from type 'Promise<unknown>': then, catch, finally, [Symbol.toStringTag]
src/utils/security.ts(237,3): error TS2739: Type 'Promise<unknown>' is missing the following properties from type '{ token: string; expires: Date; }': token, expires
src/utils/security.ts(237,72): error TS2345: Argument of type '(span: Span) => { token: string; expires: Date; }' is not assignable to parameter of type '(span: Span) => Promise<unknown>'.
  Type '{ token: string; expires: Date; }' is missing the following properties from type 'Promise<unknown>': then, catch, finally, [Symbol.toStringTag]
src/utils/security.ts(266,3): error TS2322: Type 'Promise<unknown>' is not assignable to type 'string'.
src/utils/security.ts(266,60): error TS2345: Argument of type '(span: Span) => string' is not assignable to parameter of type '(span: Span) => Promise<unknown>'.
  Type 'string' is not assignable to type 'Promise<unknown>'.
src/utils/security.ts(297,3): error TS2322: Type 'Promise<unknown>' is not assignable to type 'string'.
src/utils/security.ts(297,56): error TS2345: Argument of type '(span: Span) => string' is not assignable to parameter of type '(span: Span) => Promise<unknown>'.
  Type 'string' is not assignable to type 'Promise<unknown>'.
src/utils/security.ts(326,3): error TS2322: Type 'Promise<unknown>' is not assignable to type 'string'.
src/utils/security.ts(326,63): error TS2345: Argument of type '(span: Span) => string' is not assignable to parameter of type '(span: Span) => Promise<unknown>'.
  Type 'string' is not assignable to type 'Promise<unknown>'.
src/utils/security.ts(352,3): error TS2322: Type 'Promise<unknown>' is not assignable to type 'boolean'.
src/utils/security.ts(352,63): error TS2345: Argument of type '(span: Span) => boolean' is not assignable to parameter of type '(span: Span) => Promise<unknown>'.
  Type 'boolean' is not assignable to type 'Promise<unknown>'.
src/utils/validation.ts(538,20): error TS18046: 'validationError' is of type 'unknown'.
src/utils/validation.ts(542,18): error TS18046: 'validationError' is of type 'unknown'.
src/utils/validation.ts(595,18): error TS18046: 'validationError' is of type 'unknown'.
src/validation-schema/adCreativeSchema.ts(9,21): error TS2769: No overload matches this call.
  Overload 1 of 2, '(values: readonly ["image", "video"], params?: string | { error?: string | $ZodErrorMap<$ZodIssueInvalidValue<unknown>> | undefined; message?: string | undefined; } | undefined): ZodEnum<...>', gave the following error.
    Object literal may only specify known properties, and 'errorMap' does not exist in type '{ error?: string | $ZodErrorMap<$ZodIssueInvalidValue<unknown>> | undefined; message?: string | undefined; }'.
  Overload 2 of 2, '(entries: Readonly<Record<string, EnumValue>>, params?: string | { error?: string | $ZodErrorMap<$ZodIssueInvalidValue<unknown>> | undefined; message?: string | undefined; } | undefined): ZodEnum<...>', gave the following error.
    Argument of type 'readonly ["image", "video"]' is not assignable to parameter of type 'Readonly<Record<string, EnumValue>>'.
      Index signature for type 'string' is missing in type 'readonly ["image", "video"]'.
src/validation-schema/trialistSchema.ts(37,24): error TS2769: No overload matches this call.
  Overload 1 of 2, '(values: readonly ["LEFT", "RIGHT", "BOTH"], params?: string | { error?: string | $ZodErrorMap<$ZodIssueInvalidValue<unknown>> | undefined; message?: string | undefined; } | undefined): ZodEnum<...>', gave the following error.
    Object literal may only specify known properties, and 'errorMap' does not exist in type '{ error?: string | $ZodErrorMap<$ZodIssueInvalidValue<unknown>> | undefined; message?: string | undefined; }'.
  Overload 2 of 2, '(entries: Readonly<Record<string, EnumValue>>, params?: string | { error?: string | $ZodErrorMap<$ZodIssueInvalidValue<unknown>> | undefined; message?: string | undefined; } | undefined): ZodEnum<...>', gave the following error.
    Argument of type 'string[]' is not assignable to parameter of type 'Readonly<Record<string, EnumValue>>'.
      Index signature for type 'string' is missing in type 'string[]'.
src/validation-schema/trialistSchema.ts(106,24): error TS2769: No overload matches this call.
  Overload 1 of 2, '(values: readonly ["LEFT", "RIGHT", "BOTH"], params?: string | { error?: string | $ZodErrorMap<$ZodIssueInvalidValue<unknown>> | undefined; message?: string | undefined; } | undefined): ZodEnum<...>', gave the following error.
    Object literal may only specify known properties, and 'errorMap' does not exist in type '{ error?: string | $ZodErrorMap<$ZodIssueInvalidValue<unknown>> | undefined; message?: string | undefined; }'.
  Overload 2 of 2, '(entries: Readonly<Record<string, EnumValue>>, params?: string | { error?: string | $ZodErrorMap<$ZodIssueInvalidValue<unknown>> | undefined; message?: string | undefined; } | undefined): ZodEnum<...>', gave the following error.
    Argument of type 'string[]' is not assignable to parameter of type 'Readonly<Record<string, EnumValue>>'.
      Index signature for type 'string' is missing in type 'string[]'.
src/validation-schema/trialistSchema.ts(150,17): error TS2769: No overload matches this call.
  Overload 1 of 2, '(values: readonly ["PENDING", "REVIEWED", "INVITED", "REJECTED"], params?: string | { error?: string | $ZodErrorMap<$ZodIssueInvalidValue<unknown>> | undefined; message?: string | undefined; } | undefined): ZodEnum<...>', gave the following error.
    Object literal may only specify known properties, and 'errorMap' does not exist in type '{ error?: string | $ZodErrorMap<$ZodIssueInvalidValue<unknown>> | undefined; message?: string | undefined; }'.
  Overload 2 of 2, '(entries: Readonly<Record<string, EnumValue>>, params?: string | { error?: string | $ZodErrorMap<$ZodIssueInvalidValue<unknown>> | undefined; message?: string | undefined; } | undefined): ZodEnum<...>', gave the following error.
    Argument of type 'string[]' is not assignable to parameter of type 'Readonly<Record<string, EnumValue>>'.
      Index signature for type 'string' is missing in type 'string[]'.
